<?xml version="1.0" encoding="UTF-8"?>
<!-- Generated by org.testng.reporters.JUnitReportReporter -->
<testsuite skipped="0" hostname="MAC-MacBook-Pro.local" name="com.mockaroo.MackarooAutomation" tests="1" failures="0" timestamp="25 Jun 2018 23:42:04 GMT" time="0.009" errors="0">
  <testcase name="test" time="0.009" classname="com.mockaroo.MackarooAutomation"/>
</testsuite> <!-- com.mockaroo.MackarooAutomation -->
