<?xml version="1.0" encoding="UTF-8"?>
<!-- Generated by org.testng.reporters.JUnitReportReporter -->
<testsuite skipped="0" hostname="MAC-MacBook-Pro.local" name="com.mockaroo.MockarooDataValidation" tests="1" failures="0" timestamp="26 Jun 2018 17:37:26 GMT" time="9.273" errors="0">
  <testcase name="DataValidation" time="9.273" classname="com.mockaroo.MockarooDataValidation"/>
</testsuite> <!-- com.mockaroo.MockarooDataValidation -->
